1996-12-19T16:40:13-08:00 INFO Starting server 2
1996-12-19T16:40:18-08:00 INFO Server 2 ready
1996-12-19T16:40:20-08:00 DEBUG Server 2 links to write a lot of thing in the log
1996-12-19T16:40:20-08:00 DEBUG Server 2 links to write a lot of thing in the log
1996-12-19T16:40:20-08:00 DEBUG Server 2 links to write a lot of thing in the log
1996-12-19T16:40:20-08:00 DEBUG Server 2 links to write a lot of thing in the log
1996-12-19T16:40:20-08:00 DEBUG Server 2 links to write a lot of thing in the log
1996-12-19T16:40:20-08:00 DEBUG Server 2 links to write a lot of thing in the log
1996-12-19T16:40:20-08:00 DEBUG Server 2 links to write a lot of thing in the log
1996-12-19T16:40:20-08:00 DEBUG Server 2 links to write a lot of thing in the log
1996-12-19T16:40:20-08:00 DEBUG Server 2 links to write a lot of thing in the log
1996-12-19T16:40:21-08:00 DEBUG Server 2 links to write a lot of thing in the log
1996-12-19T16:40:21-08:00 DEBUG Server 2 links to write a lot of thing in the log
1996-12-19T16:40:21-08:00 DEBUG Server 2 links to write a lot of thing in the log
1996-12-19T16:40:21-08:00 DEBUG Server 2 links to write a lot of thing in the log
1996-12-19T16:40:21-08:00 DEBUG Server 2 links to write a lot of thing in the log
1996-12-19T16:40:21-08:00 DEBUG Server 2 links to write a lot of thing in the log
1996-12-19T16:40:21-08:00 DEBUG Server 2 links to write a lot of thing in the log
1996-12-19T16:40:21-08:00 DEBUG Server 2 links to write a lot of thing in the log
1996-12-19T16:40:22-08:00 DEBUG Server 2 links to write a lot of thing in the log
1996-12-19T16:40:22-08:00 DEBUG Server 2 links to write a lot of thing in the log
1996-12-19T16:40:22-08:00 DEBUG Server 2 links to write a lot of thing in the log
1996-12-19T16:40:22-08:00 DEBUG Server 2 links to write a lot of thing in the log
1996-12-19T16:40:22-08:00 DEBUG Server 2 links to write a lot of thing in the log
1996-12-19T16:40:22-08:00 DEBUG Server 2 links to write a lot of thing in the log
1996-12-19T16:40:23-08:00 DEBUG Server 2 links to write a lot of thing in the log
1996-12-19T16:40:23-08:00 DEBUG Server 2 links to write a lot of thing in the log
1996-12-19T16:40:23-08:00 DEBUG Server 2 links to write a lot of thing in the log
1996-12-19T16:40:23-08:00 DEBUG Server 2 links to write a lot of thing in the log
1996-12-19T16:40:24-08:00 DEBUG Server 2 links to write a lot of thing in the log
1996-12-19T16:40:24-08:00 DEBUG Server 2 links to write a lot of thing in the log
1996-12-19T16:40:24-08:00 DEBUG Server 2 links to write a lot of thing in the log
1996-12-19T16:40:24-08:00 DEBUG Server 2 links to write a lot of thing in the log
1996-12-19T16:40:24-08:00 DEBUG Server 2 links to write a lot of thing in the log
1996-12-19T16:40:24-08:00 DEBUG Server 2 links to write a lot of thing in the log
1996-12-19T16:40:24-08:00 DEBUG Server 2 links to write a lot of thing in the log
1996-12-19T16:40:24-08:00 DEBUG Server 2 links to write a lot of thing in the log
1996-12-19T16:40:24-08:00 DEBUG Server 2 links to write a lot of thing in the log
1996-12-19T16:40:24-08:00 DEBUG Server 2 links to write a lot of thing in the log
1996-12-19T16:40:24-08:00 DEBUG Server 2 links to write a lot of thing in the log
1996-12-19T16:40:24-08:00 DEBUG Server 2 links to write a lot of thing in the log
1996-12-19T16:40:24-08:00 DEBUG Server 2 links to write a lot of thing in the log
1996-12-19T16:40:24-08:00 DEBUG Server 2 links to write a lot of thing in the log
1996-12-19T16:40:24-08:00 DEBUG Server 2 links to write a lot of thing in the log
1996-12-19T16:40:24-08:00 DEBUG Server 2 links to write a lot of thing in the log
1996-12-19T16:40:24-08:00 DEBUG Server 2 links to write a lot of thing in the log
1996-12-19T16:40:24-08:00 DEBUG Server 2 links to write a lot of thing in the log
1996-12-19T16:40:24-08:00 ERROR too much log, no more space
1996-12-19T16:40:25-08:00 INFO Shutting down server 2